[debug] [2025-04-23T07:29:36.938Z] ----------------------------------------------------------------------
[debug] [2025-04-23T07:29:36.941Z] Command:       /usr/local/bin/node /Users/markavinashj/.npm-global/bin/firebase init
[debug] [2025-04-23T07:29:36.941Z] CLI Version:   14.2.0
[debug] [2025-04-23T07:29:36.941Z] Platform:      darwin
[debug] [2025-04-23T07:29:36.941Z] Node Version:  v22.11.0
[debug] [2025-04-23T07:29:36.942Z] Time:          Wed Apr 23 2025 12:59:36 GMT+0530 (India Standard Time)
[debug] [2025-04-23T07:29:36.942Z] ----------------------------------------------------------------------
[debug] 
[debug] [2025-04-23T07:29:36.944Z] >>> [apiv2][query] GET https://firebase-public.firebaseio.com/cli.json [none]
[debug] [2025-04-23T07:29:36.984Z] > command requires scopes: ["email","openid","https://www.googleapis.com/auth/cloudplatformprojects.readonly","https://www.googleapis.com/auth/firebase","https://www.googleapis.com/auth/cloud-platform"]
[debug] [2025-04-23T07:29:36.984Z] > authorizing via signed-in user (markgoldfields@gmail.com)
[info] 
     ######## #### ########  ######## ########     ###     ######  ########
     ##        ##  ##     ## ##       ##     ##  ##   ##  ##       ##
     ######    ##  ########  ######   ########  #########  ######  ######
     ##        ##  ##    ##  ##       ##     ## ##     ##       ## ##
     ##       #### ##     ## ######## ########  ##     ##  ######  ########

You're about to initialize a Firebase project in this directory:

  /Users/markavinashj/codeplay/angular/firesession

[debug] [2025-04-23T07:29:37.653Z] <<< [apiv2][status] GET https://firebase-public.firebaseio.com/cli.json 200
[debug] [2025-04-23T07:29:37.654Z] <<< [apiv2][body] GET https://firebase-public.firebaseio.com/cli.json {"cloudBuildErrorAfter":1594252800000,"cloudBuildWarnAfter":1590019200000,"defaultNode10After":1594252800000,"minVersion":"3.0.5","node8DeploysDisabledAfter":1613390400000,"node8RuntimeDisabledAfter":1615809600000,"node8WarnAfter":1600128000000}
